e:\work\visualstudio\blhost\tools\common\blfwk\debug\blfwk.pdb
e:\work\visualstudio\blhost\tools\common\blfwk\debug\blfwk.idb
e:\work\visualstudio\blhost\tools\common\blfwk\debug\sdpcommand.obj
e:\work\visualstudio\blhost\tools\common\blfwk\debug\sdpusbhidpacketizer.obj
e:\work\visualstudio\blhost\tools\common\blfwk\debug\searchpath.obj
e:\work\visualstudio\blhost\tools\common\blfwk\debug\serial.obj
e:\work\visualstudio\blhost\tools\common\blfwk\debug\serialpacketizer.obj
e:\work\visualstudio\blhost\tools\common\blfwk\debug\sourcefile.obj
e:\work\visualstudio\blhost\tools\common\blfwk\debug\srecordsourcefile.obj
e:\work\visualstudio\blhost\tools\common\blfwk\debug\stelffile.obj
e:\work\visualstudio\blhost\tools\common\blfwk\debug\stexecutableimage.obj
e:\work\visualstudio\blhost\tools\common\blfwk\debug\stintelhexfile.obj
e:\work\visualstudio\blhost\tools\common\blfwk\debug\stsrecordfile.obj
e:\work\visualstudio\blhost\tools\common\blfwk\debug\uartperipheral.obj
e:\work\visualstudio\blhost\tools\common\blfwk\debug\updater.obj
e:\work\visualstudio\blhost\tools\common\blfwk\debug\usbhidpacketizer.obj
e:\work\visualstudio\blhost\tools\common\blfwk\debug\usbhidperipheral.obj
e:\work\visualstudio\blhost\tools\common\blfwk\debug\utils.obj
e:\work\visualstudio\blhost\tools\common\blfwk\debug\value.obj
e:\work\visualstudio\blhost\tools\common\blfwk\debug\checksum8.obj
e:\work\visualstudio\blhost\tools\common\blfwk\debug\crc16.obj
e:\work\visualstudio\blhost\tools\common\blfwk\debug\crc32.obj
e:\work\visualstudio\blhost\tools\common\blfwk\debug\command.obj
e:\work\visualstudio\blhost\tools\common\blfwk\debug\datasource.obj
e:\work\visualstudio\blhost\tools\common\blfwk\debug\datasourceimager.obj
e:\work\visualstudio\blhost\tools\common\blfwk\debug\datatarget.obj
e:\work\visualstudio\blhost\tools\common\blfwk\debug\elfsourcefile.obj
e:\work\visualstudio\blhost\tools\common\blfwk\debug\excludeslistmatcher.obj
e:\work\visualstudio\blhost\tools\common\blfwk\debug\format_string.obj
e:\work\visualstudio\blhost\tools\common\blfwk\debug\ghssecinfo.obj
e:\work\visualstudio\blhost\tools\common\blfwk\debug\globmatcher.obj
e:\work\visualstudio\blhost\tools\common\blfwk\debug\hexvalues.obj
e:\work\visualstudio\blhost\tools\common\blfwk\debug\intelhexsourcefile.obj
e:\work\visualstudio\blhost\tools\common\blfwk\debug\jsoncpp.obj
e:\work\visualstudio\blhost\tools\common\blfwk\debug\logging.obj
e:\work\visualstudio\blhost\tools\common\blfwk\debug\lpcusbsio.obj
e:\work\visualstudio\blhost\tools\common\blfwk\debug\lpcusbsioperipheral.obj
e:\work\visualstudio\blhost\tools\common\blfwk\debug\options.obj
e:\work\visualstudio\blhost\tools\common\blfwk\debug\random.obj
e:\work\visualstudio\blhost\tools\common\blfwk\debug\rijndael.obj
e:\work\visualstudio\blhost\tools\common\blfwk\debug\rijndaelctr.obj
e:\work\visualstudio\blhost\tools\common\blfwk\debug\sbsourcefile.obj
e:\work\visualstudio\blhost\tools\common\blfwk\debug\aescounter.obj
e:\work\visualstudio\blhost\tools\common\blfwk\debug\aeskey.obj
e:\work\visualstudio\blhost\tools\common\blfwk\debug\blob.obj
e:\work\visualstudio\blhost\tools\common\blfwk\debug\bootloader.obj
e:\work\visualstudio\blhost\tools\common\blfwk\debug\buspal.obj
e:\work\visualstudio\blhost\tools\common\blfwk\debug\buspalperipheral.obj
e:\work\visualstudio\blhost\tools\common\blfwk\debug\blfwk.lib
e:\work\visualstudio\blhost\tools\common\blfwk\debug\blfwk.res
e:\work\visualstudio\blhost\tools\common\blfwk\debug\blfwk.tlog\cl.command.1.tlog
e:\work\visualstudio\blhost\tools\common\blfwk\debug\blfwk.tlog\cl.read.1.tlog
e:\work\visualstudio\blhost\tools\common\blfwk\debug\blfwk.tlog\cl.write.1.tlog
e:\work\visualstudio\blhost\tools\common\blfwk\debug\blfwk.tlog\lib-link-cvtres.read.1.tlog
e:\work\visualstudio\blhost\tools\common\blfwk\debug\blfwk.tlog\lib-link-cvtres.write.1.tlog
e:\work\visualstudio\blhost\tools\common\blfwk\debug\blfwk.tlog\lib.command.1.tlog
e:\work\visualstudio\blhost\tools\common\blfwk\debug\blfwk.tlog\rc.command.1.tlog
e:\work\visualstudio\blhost\tools\common\blfwk\debug\blfwk.tlog\rc.read.1.tlog
e:\work\visualstudio\blhost\tools\common\blfwk\debug\blfwk.tlog\rc.write.1.tlog
