e:\work\visualstudio\blhost\tools\common\blfwk\release\blfwk.pdb
e:\work\visualstudio\blhost\tools\common\blfwk\release\lpcusbsio.obj
e:\work\visualstudio\blhost\tools\common\blfwk\release\logging.obj
e:\work\visualstudio\blhost\tools\common\blfwk\release\jsoncpp.obj
e:\work\visualstudio\blhost\tools\common\blfwk\release\intelhexsourcefile.obj
e:\work\visualstudio\blhost\tools\common\blfwk\release\hexvalues.obj
e:\work\visualstudio\blhost\tools\common\blfwk\release\globmatcher.obj
e:\work\visualstudio\blhost\tools\common\blfwk\release\ghssecinfo.obj
e:\work\visualstudio\blhost\tools\common\blfwk\release\format_string.obj
e:\work\visualstudio\blhost\tools\common\blfwk\release\excludeslistmatcher.obj
e:\work\visualstudio\blhost\tools\common\blfwk\release\elfsourcefile.obj
e:\work\visualstudio\blhost\tools\common\blfwk\release\datatarget.obj
e:\work\visualstudio\blhost\tools\common\blfwk\release\datasourceimager.obj
e:\work\visualstudio\blhost\tools\common\blfwk\release\datasource.obj
e:\work\visualstudio\blhost\tools\common\blfwk\release\command.obj
e:\work\visualstudio\blhost\tools\common\blfwk\release\buspalperipheral.obj
e:\work\visualstudio\blhost\tools\common\blfwk\release\buspal.obj
e:\work\visualstudio\blhost\tools\common\blfwk\release\bootloader.obj
e:\work\visualstudio\blhost\tools\common\blfwk\release\blob.obj
e:\work\visualstudio\blhost\tools\common\blfwk\release\aeskey.obj
e:\work\visualstudio\blhost\tools\common\blfwk\release\aescounter.obj
e:\work\visualstudio\blhost\tools\common\blfwk\release\usbhidpacketizer.obj
e:\work\visualstudio\blhost\tools\common\blfwk\release\updater.obj
e:\work\visualstudio\blhost\tools\common\blfwk\release\uartperipheral.obj
e:\work\visualstudio\blhost\tools\common\blfwk\release\stsrecordfile.obj
e:\work\visualstudio\blhost\tools\common\blfwk\release\stintelhexfile.obj
e:\work\visualstudio\blhost\tools\common\blfwk\release\stexecutableimage.obj
e:\work\visualstudio\blhost\tools\common\blfwk\release\stelffile.obj
e:\work\visualstudio\blhost\tools\common\blfwk\release\srecordsourcefile.obj
e:\work\visualstudio\blhost\tools\common\blfwk\release\sourcefile.obj
e:\work\visualstudio\blhost\tools\common\blfwk\release\serialpacketizer.obj
e:\work\visualstudio\blhost\tools\common\blfwk\release\serial.obj
e:\work\visualstudio\blhost\tools\common\blfwk\release\searchpath.obj
e:\work\visualstudio\blhost\tools\common\blfwk\release\sdpusbhidpacketizer.obj
e:\work\visualstudio\blhost\tools\common\blfwk\release\sdpcommand.obj
e:\work\visualstudio\blhost\tools\common\blfwk\release\sbsourcefile.obj
e:\work\visualstudio\blhost\tools\common\blfwk\release\rijndaelctr.obj
e:\work\visualstudio\blhost\tools\common\blfwk\release\rijndael.obj
e:\work\visualstudio\blhost\tools\common\blfwk\release\random.obj
e:\work\visualstudio\blhost\tools\common\blfwk\release\options.obj
e:\work\visualstudio\blhost\tools\common\blfwk\release\lpcusbsioperipheral.obj
e:\work\visualstudio\blhost\tools\common\blfwk\release\crc32.obj
e:\work\visualstudio\blhost\tools\common\blfwk\release\crc16.obj
e:\work\visualstudio\blhost\tools\common\blfwk\release\checksum8.obj
e:\work\visualstudio\blhost\tools\common\blfwk\release\value.obj
e:\work\visualstudio\blhost\tools\common\blfwk\release\utils.obj
e:\work\visualstudio\blhost\tools\common\blfwk\release\usbhidperipheral.obj
e:\work\visualstudio\blhost\tools\common\blfwk\release\blfwk.lib
e:\work\visualstudio\blhost\tools\common\blfwk\release\blfwk.res
e:\work\visualstudio\blhost\tools\common\blfwk\release\blfwk.tlog\cl.command.1.tlog
e:\work\visualstudio\blhost\tools\common\blfwk\release\blfwk.tlog\cl.read.1.tlog
e:\work\visualstudio\blhost\tools\common\blfwk\release\blfwk.tlog\cl.write.1.tlog
e:\work\visualstudio\blhost\tools\common\blfwk\release\blfwk.tlog\lib-link-cvtres.read.1.tlog
e:\work\visualstudio\blhost\tools\common\blfwk\release\blfwk.tlog\lib-link-cvtres.write.1.tlog
e:\work\visualstudio\blhost\tools\common\blfwk\release\blfwk.tlog\lib.command.1.tlog
e:\work\visualstudio\blhost\tools\common\blfwk\release\blfwk.tlog\rc.command.1.tlog
e:\work\visualstudio\blhost\tools\common\blfwk\release\blfwk.tlog\rc.read.1.tlog
e:\work\visualstudio\blhost\tools\common\blfwk\release\blfwk.tlog\rc.write.1.tlog
